Using pre-set license
Built from '2020.3/release' branch; Version is '2020.3.12f1 (b3b2c6512326) revision 11776710'; Using compiler version '192528614'; Build Type 'Release'
OS: 'Windows 10 Home; OS build 19042.1083; Version 2009; 64bit' Language: 'zh' Physical Memory: 12139 MB
BatchMode: 1, IsHumanControllingUs: 0, StartBugReporterOnCrash: 0, Is64bit: 1, IsPro: 0

 COMMAND LINE ARGUMENTS:
C:\Program Files\Unity\Hub\Editor\2020.3.12f1\Editor\Unity.exe
-adb2
-batchMode
-noUpm
-name
AssetImportWorker0
-projectPath
D:/unity/unity/2Dhozai
-logFile
Logs/AssetImportWorker0.log
-srvPort
49367
Successfully changed project path to: D:/unity/unity/2Dhozai
D:/unity/unity/2Dhozai
Using Asset Import Pipeline V2.
Refreshing native plugins compatible for Editor in 46.19 ms, found 3 plugins.
Preloading 0 native plugins for Editor in 0.00 ms.
Initialize engine version: 2020.3.12f1 (b3b2c6512326)
[Subsystems] Discovering subsystems at path C:/Program Files/Unity/Hub/Editor/2020.3.12f1/Editor/Data/Resources/UnitySubsystems
[Subsystems] Discovering subsystems at path D:/unity/unity/2Dhozai/Assets
GfxDevice: creating device client; threaded=0
Direct3D:
    Version:  Direct3D 11.0 [level 11.1]
    Renderer: NVIDIA GeForce MX150 (ID=0x1d10)
    Vendor:   
    VRAM:     1983 MB
    Driver:   27.21.14.6231
Initialize mono
Mono path[0] = 'C:/Program Files/Unity/Hub/Editor/2020.3.12f1/Editor/Data/Managed'
Mono path[1] = 'C:/Program Files/Unity/Hub/Editor/2020.3.12f1/Editor/Data/MonoBleedingEdge/lib/mono/unityjit'
Mono config path = 'C:/Program Files/Unity/Hub/Editor/2020.3.12f1/Editor/Data/MonoBleedingEdge/etc'
Using monoOptions --debugger-agent=transport=dt_socket,embedding=1,server=y,suspend=n,address=127.0.0.1:56016
Begin MonoManager ReloadAssembly
Registering precompiled unity dll's ...
Register platform support module: C:/Program Files/Unity/Hub/Editor/2020.3.12f1/Editor/Data/PlaybackEngines/WindowsStandaloneSupport/UnityEditor.WindowsStandalone.Extensions.dll
Registered in 0.005364 seconds.
Native extension for WindowsStandalone target not found
Refreshing native plugins compatible for Editor in 45.39 ms, found 3 plugins.
Preloading 0 native plugins for Editor in 0.00 ms.
Mono: successfully reloaded assembly
- Completed reload, in  1.261 seconds
Platform modules already initialized, skipping
Registering precompiled user dll's ...
Registered in 0.003066 seconds.
Begin MonoManager ReloadAssembly
Native extension for WindowsStandalone target not found
Refreshing native plugins compatible for Editor in 44.56 ms, found 3 plugins.
Preloading 0 native plugins for Editor in 0.00 ms.
Mono: successfully reloaded assembly
- Completed reload, in  1.620 seconds
Platform modules already initialized, skipping
========================================================================
Worker process is ready to serve import requests
Launched and connected shader compiler UnityShaderCompiler.exe after 0.07 seconds
Refreshing native plugins compatible for Editor in 0.48 ms, found 3 plugins.
Preloading 0 native plugins for Editor in 0.00 ms.
Unloading 2080 Unused Serialized files (Serialized files now loaded: 0)
System memory in use before: 106.7 MB.
System memory in use after: 106.7 MB.

Unloading 32 unused Assets to reduce memory usage. Loaded Objects now: 2536.
Total: 2.545300 ms (FindLiveObjects: 0.202600 ms CreateObjectMapping: 0.065200 ms MarkObjects: 2.074200 ms  DeleteObjects: 0.202300 ms)

AssetImportParameters requested are different than current active one (requested -> active):
  custom:framework-win-MediaFoundation: 216162199b28c13a410421893ffa2e32 -> 
  custom:video-decoder-ogg-theora: a1e56fd34408186e4bbccfd4996cb3dc -> 
  custom:container-muxer-webm: aa71ff27fc2769a1b78a27578f13a17b -> 
  custom:container-demuxer-webm: 4f35f7cbe854078d1ac9338744f61a02 -> 
  custom:container-demuxer-ogg: 62fdf1f143b41e24485cea50d1cbac27 -> 
  custom:video-encoder-webm-vp8: eb34c28f22e8b96e1ab97ce403110664 -> 
  custom:video-decoder-webm-vp8: 9c59270c3fd7afecdb556c50c9e8de78 -> 
  custom:audio-decoder-ogg-vorbis: bf7c407c2cedff20999df2af8eb42d56 -> 
  custom:audio-encoder-webm-vorbis: bf7c407c2cedff20999df2af8eb42d56 -> 
========================================================================
Received Import Request.
  path: Assets/動畫
  artifactKey: Guid(d9e8dac4f82681640a653332b8e36078) Importer(815301076,1909f56bfc062723c751e8b465ee728b)
Start importing Assets/動畫 using Guid(d9e8dac4f82681640a653332b8e36078) Importer(815301076,1909f56bfc062723c751e8b465ee728b)  -> (artifact id: 'bd51575944e4b4a30bf2245a08518656') in 0.009409 seconds 
  Import took 0.117319 seconds .

========================================================================
Received Import Request.
  Time since last request: 28.511484 seconds.
  path: Assets/動畫/攻擊.anim
  artifactKey: Guid(f1afbd494ea569f4aa64271f7948abda) Importer(815301076,1909f56bfc062723c751e8b465ee728b)
Start importing Assets/動畫/攻擊.anim using Guid(f1afbd494ea569f4aa64271f7948abda) Importer(815301076,1909f56bfc062723c751e8b465ee728b)  -> (artifact id: '0eca60b75c58abcf1e08012c62b56447') in 0.101991 seconds 
  Import took 0.162469 seconds .

========================================================================
Received Import Request.
  Time since last request: 4.222516 seconds.
  path: Assets/動畫/dead.anim
  artifactKey: Guid(97bbc1919df55b44a903509bd6df6ce3) Importer(815301076,1909f56bfc062723c751e8b465ee728b)
Start importing Assets/動畫/dead.anim using Guid(97bbc1919df55b44a903509bd6df6ce3) Importer(815301076,1909f56bfc062723c751e8b465ee728b)  -> (artifact id: '29ca7a22e5a8022e94c89177db1cef8f') in 0.011600 seconds 
  Import took 0.017498 seconds .

========================================================================
Received Import Request.
  Time since last request: 5.134431 seconds.
  path: Assets/動畫/死亡.anim
  artifactKey: Guid(97bbc1919df55b44a903509bd6df6ce3) Importer(815301076,1909f56bfc062723c751e8b465ee728b)
Start importing Assets/動畫/死亡.anim using Guid(97bbc1919df55b44a903509bd6df6ce3) Importer(815301076,1909f56bfc062723c751e8b465ee728b)  -> (artifact id: 'f5ad26b3798e0bea8ae4fbac581141e3') in 0.007480 seconds 
  Import took 0.011700 seconds .

========================================================================
Received Import Request.
  Time since last request: 1.486276 seconds.
  path: Assets/動畫/hurt.anim
  artifactKey: Guid(2523e05e5dbd3f044be10e1da5379acb) Importer(815301076,1909f56bfc062723c751e8b465ee728b)
Start importing Assets/動畫/hurt.anim using Guid(2523e05e5dbd3f044be10e1da5379acb) Importer(815301076,1909f56bfc062723c751e8b465ee728b)  -> (artifact id: 'f1e1af51b5c5404ce9a1ece8fe37b463') in 0.007760 seconds 
  Import took 0.044954 seconds .

========================================================================
Received Import Request.
  Time since last request: 4.953920 seconds.
  path: Assets/動畫/受傷.anim
  artifactKey: Guid(2523e05e5dbd3f044be10e1da5379acb) Importer(815301076,1909f56bfc062723c751e8b465ee728b)
Start importing Assets/動畫/受傷.anim using Guid(2523e05e5dbd3f044be10e1da5379acb) Importer(815301076,1909f56bfc062723c751e8b465ee728b)  -> (artifact id: '56a0ba19de5476ea5e5847cc37df986c') in 0.006297 seconds 
  Import took 0.014544 seconds .

========================================================================
Received Import Request.
  Time since last request: 1.355722 seconds.
  path: Assets/動畫/jump.anim
  artifactKey: Guid(737ff9a54cd49f04a8c2b4774ec93f9c) Importer(815301076,1909f56bfc062723c751e8b465ee728b)
Start importing Assets/動畫/jump.anim using Guid(737ff9a54cd49f04a8c2b4774ec93f9c) Importer(815301076,1909f56bfc062723c751e8b465ee728b)  -> (artifact id: 'f58311cf1859cd59ffb79e3117a4fb07') in 0.008112 seconds 
  Import took 0.044162 seconds .

========================================================================
Received Import Request.
  Time since last request: 4.405590 seconds.
  path: Assets/動畫/跳躍.anim
  artifactKey: Guid(737ff9a54cd49f04a8c2b4774ec93f9c) Importer(815301076,1909f56bfc062723c751e8b465ee728b)
Start importing Assets/動畫/跳躍.anim using Guid(737ff9a54cd49f04a8c2b4774ec93f9c) Importer(815301076,1909f56bfc062723c751e8b465ee728b)  -> (artifact id: '2dee501d2089a7e6c638517bceb94bc7') in 0.007044 seconds 
  Import took 0.020120 seconds .

========================================================================
Received Import Request.
  Time since last request: 2.406263 seconds.
  path: Assets/動畫/wait.anim
  artifactKey: Guid(832b7cc0cfb02444a9903744baae4ce7) Importer(815301076,1909f56bfc062723c751e8b465ee728b)
Start importing Assets/動畫/wait.anim using Guid(832b7cc0cfb02444a9903744baae4ce7) Importer(815301076,1909f56bfc062723c751e8b465ee728b)  -> (artifact id: '7ce952019e2cf18b19ed739c1e0dfdb3') in 0.006345 seconds 
  Import took 0.047637 seconds .

========================================================================
Received Import Request.
  Time since last request: 4.633904 seconds.
  path: Assets/動畫/等待.anim
  artifactKey: Guid(832b7cc0cfb02444a9903744baae4ce7) Importer(815301076,1909f56bfc062723c751e8b465ee728b)
Start importing Assets/動畫/等待.anim using Guid(832b7cc0cfb02444a9903744baae4ce7) Importer(815301076,1909f56bfc062723c751e8b465ee728b)  -> (artifact id: '4ef7d4c5f4e183fae5002ad8cb595bc2') in 0.012665 seconds 
  Import took 0.068633 seconds .

========================================================================
Received Import Request.
  Time since last request: 6.754591 seconds.
  path: Assets/動畫/走路.anim
  artifactKey: Guid(90062a75374ef1e4a8e6e3be1aac348b) Importer(815301076,1909f56bfc062723c751e8b465ee728b)
Start importing Assets/動畫/走路.anim using Guid(90062a75374ef1e4a8e6e3be1aac348b) Importer(815301076,1909f56bfc062723c751e8b465ee728b)  -> (artifact id: 'e8d4d4cce9f30e605859dab7729c55cf') in 0.006598 seconds 
  Import took 0.047619 seconds .

========================================================================
Received Import Request.
  Time since last request: 41.687269 seconds.
  path: Assets/動畫/Pink_Monster_Death_8_0.controller
  artifactKey: Guid(c36a5596dffe7f2468c7ed6453d8d37c) Importer(815301076,1909f56bfc062723c751e8b465ee728b)
Start importing Assets/動畫/Pink_Monster_Death_8_0.controller using Guid(c36a5596dffe7f2468c7ed6453d8d37c) Importer(815301076,1909f56bfc062723c751e8b465ee728b)  -> (artifact id: 'e66ac9647494c87d9dd361d8aa3f5722') in 0.011315 seconds 
  Import took 0.062696 seconds .

========================================================================
Received Import Request.
  Time since last request: 16.367172 seconds.
  path: Assets/動畫/主角.controller
  artifactKey: Guid(63bd4c65ded27874d971a2749de89c57) Importer(815301076,1909f56bfc062723c751e8b465ee728b)
Start importing Assets/動畫/主角.controller using Guid(63bd4c65ded27874d971a2749de89c57) Importer(815301076,1909f56bfc062723c751e8b465ee728b)  -> (artifact id: '045a01637d06bbd0a8d0d84b16bd83db') in 0.008833 seconds 
  Import took 0.022451 seconds .

========================================================================
Received Import Request.
  Time since last request: 406.552152 seconds.
  path: Assets/player/1 Pink_Monster/Pink_Monster.png
  artifactKey: Guid(85d2342d31cedc245a15a0caf6d21681) Importer(815301076,1909f56bfc062723c751e8b465ee728b)
Start importing Assets/player/1 Pink_Monster/Pink_Monster.png using Guid(85d2342d31cedc245a15a0caf6d21681) Importer(815301076,1909f56bfc062723c751e8b465ee728b)  -> (artifact id: '23e669fcc33314f0456567efaedf6066') in 0.182163 seconds 
  Import took 0.244047 seconds .

========================================================================
Received Import Request.
  Time since last request: 9.617636 seconds.
  path: Assets/player/1 Pink_Monster/Pink_Monster.png
  artifactKey: Guid(85d2342d31cedc245a15a0caf6d21681) Importer(815301076,1909f56bfc062723c751e8b465ee728b)
Start importing Assets/player/1 Pink_Monster/Pink_Monster.png using Guid(85d2342d31cedc245a15a0caf6d21681) Importer(815301076,1909f56bfc062723c751e8b465ee728b)  -> (artifact id: 'e83336622ed62263e8749433226b820b') in 0.015478 seconds 
  Import took 0.042315 seconds .

AssetImportWorkerClient::OnTransportError - code=2 error=End of file
